2024-08-27 17-14:21 = E4257D71299A802FA835E8FE635FA865F37B22E637735772DAA27AE747B7B19C
 Get analysis from ViruseTotal...
2024-08-27 17-14:21 = sleeping...
2024-08-27 17-14:37 = Unable to scan the file. error: 'data'
2024-08-27 17-14:37 = 9C0AA1CC0746C66161E9CFAE706042C28D8B717ABB2CFF533FF14FF88E8047E1
 Get analysis from ViruseTotal...
2024-08-27 17-14:38 = sleeping...
2024-08-27 17-14:54 = Unable to scan the file. error: 'data'
2024-08-27 17-14:54 = D63C1C11A718FEBC0D387ADFFE83B289944D66AF5164B2AB4C4B71B2C40FFFA9
 Get analysis from ViruseTotal...
2024-08-27 17-14:54 = sleeping...
2024-08-27 17-15:10 = Unable to scan the file. error: 'data'
2024-08-27 17-15:10 = DF545BF919A2439C36983B54CDFC903DFA4F37D3996D8D84B4C31EEC6F3C163E
 Get analysis from ViruseTotal...
2024-08-27 17-15:11 = sleeping...
2024-08-27 17-15:27 = Unable to scan the file. error: 'data'
2024-08-27 17-15:27 = 847DF6A78497943F27FC72EB93F9A637320A02B561D0A91B09E87A7807ED7C61
 Get analysis from ViruseTotal...
2024-08-27 17-15:27 = sleeping...
2024-08-27 17-15:43 = Unable to scan the file. error: 'data'
2024-08-27 17-15:43 = DF545BF919A2439C36983B54CDFC903DFA4F37D3996D8D84B4C31EEC6F3C163E
 Get analysis from ViruseTotal...
2024-08-27 17-15:43 = sleeping...
2024-08-27 17-15:59 = Unable to scan the file. error: 'data'
2024-08-27 17-15:59 = D34D0703FD50862DAEDB5A2A4C63DEE61B3E703BF7085F26123AD718ABF47BA8
 Get analysis from ViruseTotal...
2024-08-27 17-16:00 = sleeping...
2024-08-27 17-16:16 = Unable to scan the file. error: 'data'
2024-08-27 17-16:16 = 5427BB3FE6D2A5233B3F80540698CD89E72291DFDA1DC0279EEE1B29544A0934
 Get analysis from ViruseTotal...
2024-08-27 17-16:16 = sleeping...
2024-08-27 17-16:32 = Unable to scan the file. error: 'data'
2024-08-27 17-16:32 = 637D1F7F2A4EF6B2AEE3CAF69393D39DC8027688AFE85B1338954F5734B3E728
 Get analysis from ViruseTotal...
2024-08-27 17-16:32 = sleeping...
2024-08-27 17-16:48 = Unable to scan the file. error: 'data'
2024-08-27 17-16:48 = C02CED0A181A8DC776E5C24663C0CCABC3BB9E063F74C113CB3D171A169CC3BF
 Get analysis from ViruseTotal...
2024-08-27 17-16:49 = sleeping...
2024-08-27 17-17:05 = Unable to scan the file. error: 'data'
2024-08-27 17-17:05 = 9273D480E1BD67AEF8314BBE560E4FBFCADFDF9097AD6A06FF661627F07DAE01
 Get analysis from ViruseTotal...
2024-08-27 17-17:05 = sleeping...
2024-08-27 17-17:21 = Unable to scan the file. error: 'data'
2024-08-27 17-17:21 = B37DB3D28012007FAD7CB65FF52E0837E731712CB5E429B313C4C3946A3064EB
 Get analysis from ViruseTotal...
2024-08-27 17-17:22 = sleeping...
2024-08-27 17-17:38 = Unable to scan the file. error: 'data'
2024-08-27 17-17:38 = 2224199B2B044EA758C8DB4DF95704AAEDCA3BB315DF840309B3D6BA9C7170F6
 Get analysis from ViruseTotal...
2024-08-27 17-17:38 = sleeping...
2024-08-27 17-17:54 = Unable to scan the file. error: 'data'
2024-08-27 17-17:54 = 9DE8F099597419F7357D8F10F4DD9AB86A557C522B3BA61DC7B6AF0BE9897D1F
 Get analysis from ViruseTotal...
2024-08-27 17-17:54 = sleeping...
2024-08-27 17-18:10 = Unable to scan the file. error: 'data'
2024-08-27 17-18:10 = DDA6C53FC8C3534C4BEE0F4111EFA0789F3C4DBB18878B0B03F6C4466A3BCC52
 Get analysis from ViruseTotal...
2024-08-27 17-18:11 = sleeping...
2024-08-27 17-18:27 = Unable to scan the file. error: 'data'
2024-08-27 17-18:27 = 32FDFCBA97DDFFA246C778A3EA68A873FF76E6CE9FC41104CD05804C49FAA7C0
 Get analysis from ViruseTotal...
2024-08-27 17-18:27 = sleeping...
2024-08-27 17-18:43 = Unable to scan the file. error: 'data'
2024-08-27 17-18:43 = 4FA55F0D467AB4E7ADD2ABD3BFC747104D8E3D2CEFC4E5BBB58761522BEE4485
 Get analysis from ViruseTotal...
2024-08-27 17-18:43 = sleeping...
2024-08-27 17-18:59 = Unable to scan the file. error: 'data'
2024-08-27 17-18:59 = 30E5AA889CBAD2776D612A828C68399DE326FA66E3430ACA05913B67CF25D7FC
 Get analysis from ViruseTotal...
2024-08-27 17-19:00 = sleeping...
2024-08-27 17-19:16 = Unable to scan the file. error: 'data'
2024-08-27 17-19:16 = 30B7632ECC76861150F1A7657315A42A27779C48502012C44EE9E618F2A18DCC
 Get analysis from ViruseTotal...
2024-08-27 17-19:16 = sleeping...
2024-08-27 17-19:32 = Unable to scan the file. error: 'data'
2024-08-27 17-19:32 = EF9E778A725D0DF32BD91A98B5709E5F5436788454355FB63C139A97AC0FD5A4
 Get analysis from ViruseTotal...
2024-08-27 17-19:33 = sleeping...
2024-08-27 17-19:49 = Unable to scan the file. error: 'data'
2024-08-27 17-19:49 = 3A15DB2E0D93484734D1B09BB45B97113E816A5A0DE5A722FCC12AEB409DC389
 Get analysis from ViruseTotal...
2024-08-27 17-19:49 = sleeping...
2024-08-27 17-20:05 = Unable to scan the file. error: 'data'
2024-08-27 17-20:05 = E2287BAC16988D0EC64301192FF9D66438FAE39903B7D6F972D7957E189902C2
 Get analysis from ViruseTotal...
2024-08-27 17-20:05 = sleeping...
2024-08-27 17-20:21 = Unable to scan the file. error: 'data'
2024-08-27 17-20:21 = 34E30AFB879EE55BAF9575FB38417B46C2748CBAFE2F9A22223B9A7A5BE5AD03
 Get analysis from ViruseTotal...
2024-08-27 17-20:22 = sleeping...
2024-08-27 17-20:38 = Unable to scan the file. error: 'data'
2024-08-27 17-20:38 = DBCB422566C240E11AA3203D3EBE8270200A54E5852F40312E6DD4940CF612D0
 Get analysis from ViruseTotal...
2024-08-27 17-20:38 = sleeping...
2024-08-27 17-20:54 = Unable to scan the file. error: 'data'
2024-08-27 17-20:54 = 660B99453EEC1CFBB207151E13352275C9C3A83F786BA958303CF52F9CE066D7
 Get analysis from ViruseTotal...
2024-08-27 17-20:54 = sleeping...
2024-08-27 17-21:10 = Unable to scan the file. error: 'data'
2024-08-27 17-21:10 = 22342166A6A559D730FDC5C63A51D1E2CA4B30AF6DD173313213F169D7BE4EE2
 Get analysis from ViruseTotal...
2024-08-27 17-21:11 = sleeping...
2024-08-27 17-21:27 = Unable to scan the file. error: 'data'
2024-08-27 17-21:27 = 837BABC1DD0225F87352C1234E0DF1BFB1E9BAD227EFE9395AC3AD09495FEBD8
 Get analysis from ViruseTotal...
2024-08-27 17-21:28 = sleeping...
2024-08-27 17-21:44 = Unable to scan the file. error: 'data'
2024-08-27 17-21:44 = 3B229CA038595744762AE5A53CD7881A412D09CE530E89FA4CF3B21E77E638EF
 Get analysis from ViruseTotal...
2024-08-27 17-21:44 = sleeping...
2024-08-27 17-22:00 = Unable to scan the file. error: 'data'
2024-08-27 17-22:00 = DBAFBC82F0A203C9129F1722AC09898B201C938134B28BC0461C145DCA0F8AF9
 Get analysis from ViruseTotal...
2024-08-27 17-22:01 = sleeping...
2024-08-27 17-22:17 = Unable to scan the file. error: 'data'
2024-08-27 17-22:17 = 89444E17E522DA931C93E315C706DB299DDBDA8146E1FBBCD341D37ED8327765
 Get analysis from ViruseTotal...
2024-08-27 17-22:17 = sleeping...
2024-08-27 17-22:33 = Unable to scan the file. error: 'data'
2024-08-27 17-22:33 = F571CE13A142D4209F5815F44E9DDAB38E09E4BC105F385B6F12CFA8C414F80F
 Get analysis from ViruseTotal...
2024-08-27 17-22:33 = sleeping...
2024-08-27 17-22:49 = Unable to scan the file. error: 'data'
2024-08-27 17-22:49 = 37BC12F402C3EABA82F7976CFDABA142C772373F50DFC5FA475A8AE100E70C42
 Get analysis from ViruseTotal...
2024-08-27 17-22:50 = sleeping...
2024-08-27 17-23:06 = Unable to scan the file. error: 'data'
2024-08-27 17-23:06 = 9A0D284077D83C665A61B3FC1AE0F7040341F526E111FB977B38FBDA86E33A64
 Get analysis from ViruseTotal...
2024-08-27 17-23:06 = sleeping...
2024-08-27 17-23:22 = Unable to scan the file. error: 'data'
2024-08-27 17-23:22 = 5C56AF0316B2D620ACE915A69CE03000717E396AE174446FD873BC31E8832556
 Get analysis from ViruseTotal...
2024-08-27 17-23:23 = sleeping...
2024-08-27 17-23:39 = Unable to scan the file. error: 'data'
2024-08-27 17-23:39 = 1E93125B3886150BDE49E227CEAE57EFF273F5BD2790EF46C123E673BA099971
 Get analysis from ViruseTotal...
2024-08-27 17-23:39 = sleeping...
2024-08-27 17-23:55 = Unable to scan the file. error: 'data'
2024-08-27 17-23:55 = CDCF364300305398A6E8E203085A125A6FF6B07482E77CA4DA99B65198AC1C2E
 Get analysis from ViruseTotal...
2024-08-27 17-23:55 = sleeping...
2024-08-27 17-24:11 = Unable to scan the file. error: 'data'
2024-08-27 17-24:11 = C7286D3CA4D2AAE829F034862494C1738A99994A4AB1FB0016EABC430AB48FEB
 Get analysis from ViruseTotal...
2024-08-27 17-24:12 = sleeping...
2024-08-27 17-24:28 = Unable to scan the file. error: 'data'
2024-08-27 17-24:28 = 37FBEA8FF2ED578DD6BB26EB77E1ED0860FC44F490AB6EAC28D5FA98AEDFB47B
 Get analysis from ViruseTotal...
2024-08-27 17-24:28 = sleeping...
2024-08-27 17-24:44 = Unable to scan the file. error: 'data'
2024-08-27 17-24:44 = 65131B383442D24025CD83F3AF71FB6CAA93D7466612EEF7F81C5700999A7786
 Get analysis from ViruseTotal...
2024-08-27 17-24:44 = sleeping...
2024-08-27 17-25:00 = Unable to scan the file. error: 'data'
2024-08-27 17-25:00 = 81B66821E72BD317589219799F8291B0D97F35625C351C2CE7EEBE60E1E492C0
 Get analysis from ViruseTotal...
2024-08-27 17-25:01 = sleeping...
2024-08-27 17-25:17 = Unable to scan the file. error: 'data'
2024-08-27 17-25:17 = 074E6F5FCA6198691F3D75A37A070D8FC3EBBD3E4EC8B764C6389AD811443B7B
 Get analysis from ViruseTotal...
2024-08-27 17-25:17 = sleeping...
2024-08-27 17-25:33 = Unable to scan the file. error: 'data'
2024-08-27 17-25:33 = 5D2A3EB03843DCFDD2281CA7425F507F098D801EF6A9B079447060F7420026DD
 Get analysis from ViruseTotal...
2024-08-27 17-25:34 = sleeping...
2024-08-27 17-25:50 = Unable to scan the file. error: 'data'
2024-08-27 17-25:50 = 29CBE5E98E3A027EC6BF3320190D7FE9C5C5A35C1A464DF96C83024DAE23D358
 Get analysis from ViruseTotal...
2024-08-27 17-25:50 = sleeping...
2024-08-27 17-26:06 = Unable to scan the file. error: 'data'
2024-08-27 17-26:06 = CAFEE47A9B3FCCDF00891270E5454C74DCB0CAC2ADCECD1AC82A3D3D4C5048A9
 Get analysis from ViruseTotal...
2024-08-27 17-26:06 = sleeping...
2024-08-27 17-26:22 = Unable to scan the file. error: 'data'
2024-08-27 17-26:22 = 22473AEE1DE5E4FDEF00FF4F07DD1BD9B41C68E3326DC3E3D1191E886F88EB22
 Get analysis from ViruseTotal...
2024-08-27 17-26:23 = sleeping...
2024-08-27 17-26:39 = Unable to scan the file. error: 'data'
2024-08-27 17-26:39 = 9FA3E0658EAAD19CC7D6D11C74981B0956D8F69C70635E7A5A8F2E6BF17CCB46
 Get analysis from ViruseTotal...
2024-08-27 17-26:39 = sleeping...
2024-08-27 17-26:55 = Unable to scan the file. error: 'data'
2024-08-27 17-26:55 = 505DA2B3B8E946C37E38F9EF914F6871B997901C4803464B01B9B90B48425473
 Get analysis from ViruseTotal...
2024-08-27 17-26:56 = sleeping...
2024-08-27 17-27:12 = Unable to scan the file. error: 'data'
2024-08-27 17-27:12 = 24B59FCEDCB86F32493F1C7333E584D9CE8B7BCAF287868C31E31D26A9BC927D
 Get analysis from ViruseTotal...
2024-08-27 17-27:12 = sleeping...
2024-08-27 17-27:28 = Unable to scan the file. error: 'data'
2024-08-27 17-27:28 = C0A13C3306B4273DA821A6AEE8660B47AAD866147A77B7784DD2CA8D9B41E93B
 Get analysis from ViruseTotal...
2024-08-27 17-27:28 = sleeping...
2024-08-27 17-27:44 = Unable to scan the file. error: 'data'
2024-08-27 17-27:44 = A1223E2DB1D9B376DED6C866CB81F1D7C1C1AD5257E941F8C780E9EEA421549E
 Get analysis from ViruseTotal...
2024-08-27 17-27:45 = sleeping...
2024-08-27 17-28:01 = Unable to scan the file. error: 'data'
2024-08-27 17-28:01 = 0976E99CFE203496238FCD0DA6CD7C784DF57FDEB2351E11EAFBB0CBA8F38B38
 Get analysis from ViruseTotal...
2024-08-27 17-28:01 = sleeping...
2024-08-27 17-28:17 = Unable to scan the file. error: 'data'
2024-08-27 17-28:17 = F84D25C4F9D716DAF4626C835A5DB2A3B270CFD81E982102B8EFE8822D7AB020
 Get analysis from ViruseTotal...
2024-08-27 17-28:18 = sleeping...
2024-08-27 17-28:34 = Unable to scan the file. error: 'data'
2024-08-27 17-28:34 = 153AA2AAC5F9D590EEFE29BFB6A238B767024D1BF47DDF8BFB7D9653E36BC134
 Get analysis from ViruseTotal...
2024-08-27 17-28:34 = sleeping...
2024-08-27 17-28:50 = Unable to scan the file. error: 'data'
2024-08-27 17-28:50 = 88F70D8C4EAFED10DF03FDE750C6E9B906AFD4D1BD40A34324624E9B51F586AB
 Get analysis from ViruseTotal...
2024-08-27 17-28:50 = sleeping...
2024-08-27 17-29:06 = Unable to scan the file. error: 'data'
2024-08-27 17-29:06 = DD134B45A47B4CAC9B2016C9ED4E9D139E16919B3B5456A03AC82582E4E2442F
 Get analysis from ViruseTotal...
2024-08-27 17-29:07 = sleeping...
2024-08-27 17-29:23 = Unable to scan the file. error: 'data'
2024-08-27 17-29:23 = 47183714A880E3840ED5BBD743110C797025B7C001B2AA5DAA0E4E3BBF537243
 Get analysis from ViruseTotal...
2024-08-27 17-29:23 = sleeping...
2024-08-27 17-29:39 = Unable to scan the file. error: 'data'
2024-08-27 17-29:39 = FE9B434F7D3F1055091F1E937F435A5318E6DCF9D0B4590C15A575642FA1FDC7
 Get analysis from ViruseTotal...
2024-08-27 17-29:39 = sleeping...
2024-08-27 17-29:55 = Unable to scan the file. error: 'data'
2024-08-27 17-29:55 = 55D352797156D98C6EB642B71329819C32D3E3097E29E3D072B214FD8681EDE9
 Get analysis from ViruseTotal...
2024-08-27 17-29:56 = sleeping...
2024-08-27 17-30:12 = Unable to scan the file. error: 'data'
2024-08-27 17-30:12 = C605F9A3FF8F1A447AE4697A1689F021B084B5966D12C0219FD80C7717FD6546
 Get analysis from ViruseTotal...
2024-08-27 17-30:12 = sleeping...
2024-08-27 17-30:28 = Unable to scan the file. error: 'data'
2024-08-27 17-30:28 = 9ECDB7DC3DF760E31DADD5A67C8A2EA810A163CA11971F37831DCC4F5915EBBA
 Get analysis from ViruseTotal...
2024-08-27 17-30:29 = sleeping...
2024-08-27 17-30:45 = Unable to scan the file. error: 'data'
2024-08-27 17-30:45 = 1C77A34A1886705AB3FE9428FFB0ECAD47FC80B1BC5B815AC1C8598B7EB359B9
 Get analysis from ViruseTotal...
2024-08-27 17-30:45 = sleeping...
2024-08-27 17-31:01 = Unable to scan the file. error: 'data'
2024-08-27 17-31:01 = 7A7247B29263BCA26CBF1698DAAB0084B5F268BF839921996566257607B51343
 Get analysis from ViruseTotal...
2024-08-27 17-31:01 = sleeping...
2024-08-27 17-31:17 = Unable to scan the file. error: 'data'
2024-08-27 17-31:17 = 84529C7BDDACF4F43F18EEB08304A2C790DDFA185FEEEBBC3EA41FAF93D8C76B
 Get analysis from ViruseTotal...
2024-08-27 17-31:18 = sleeping...
2024-08-27 17-32:02 = 4 files to check.
2024-08-27 17-32:02 = E5085ECDA7F5FC5B5011E8C64144C7D6EBA1C1D8FE1EF6244637CB11A05F6ED1
 Get analysis from ViruseTotal...
2024-08-27 17-32:02 = sleeping...
2024-08-27 17-32:18 = Unable to scan the file. error: 'data'
2024-08-27 17-32:18 = CEE8E10E758C07C8B7AED3C0C1AE356DFC01370865E1692E3E290D27A64BE29E
 Get analysis from ViruseTotal...
2024-08-27 17-32:18 = sleeping...
2024-08-27 17-32:34 = Unable to scan the file. error: 'data'
2024-08-27 17-32:34 = F9DB55567B98E59BD46F4CB28235E7D6B6DCD989383973F48523D651C558EF86
 Get analysis from ViruseTotal...
2024-08-27 17-32:35 = sleeping...
2024-08-27 17-32:51 = Unable to scan the file. error: 'data'
2024-08-27 17-32:51 = 
 Get analysis from ViruseTotal...
2024-08-27 17-32:51 = sleeping...
2024-08-27 17-33:07 = Unable to scan the file. error: 'data'
2024-08-27 17-33:29 = 
Unhandled files are: ['E5085ECDA7F5FC5B5011E8C64144C7D6EBA1C1D8FE1EF6244637CB11A05F6ED1\n', 'CEE8E10E758C07C8B7AED3C0C1AE356DFC01370865E1692E3E290D27A64BE29E\n', 'F9DB55567B98E59BD46F4CB28235E7D6B6DCD989383973F48523D651C558EF86\n', '\n']
2024-08-27 17-34:04 = 4 files to check.
2024-08-27 17-34:04 = E5085ECDA7F5FC5B5011E8C64144C7D6EBA1C1D8FE1EF6244637CB11A05F6ED1
 Get analysis from ViruseTotal...
2024-08-27 17-34:04 = sleeping...
2024-08-27 17-34:20 = Unable to scan the file. error: 'data'
2024-08-27 17-34:20 = CEE8E10E758C07C8B7AED3C0C1AE356DFC01370865E1692E3E290D27A64BE29E
 Get analysis from ViruseTotal...
2024-08-27 17-34:20 = sleeping...
2024-08-27 17-34:36 = Unable to scan the file. error: 'data'
2024-08-27 17-34:36 = F9DB55567B98E59BD46F4CB28235E7D6B6DCD989383973F48523D651C558EF86
 Get analysis from ViruseTotal...
2024-08-27 17-34:37 = sleeping...
2024-08-27 17-34:53 = Unable to scan the file. error: 'data'
2024-08-27 17-34:53 = 
 Get analysis from ViruseTotal...
2024-08-27 17-34:53 = sleeping...
2024-08-27 17-35:09 = Unable to scan the file. error: 'data'
2024-08-27 17-37:59 = 4 files to check.
2024-08-27 17-37:59 = E5085ECDA7F5FC5B5011E8C64144C7D6EBA1C1D8FE1EF6244637CB11A05F6ED1
 Get analysis from ViruseTotal...
2024-08-27 17-38:00 = sleeping...
2024-08-27 17-38:16 = Unable to scan the file. error: 'data'
2024-08-27 17-38:16 = CEE8E10E758C07C8B7AED3C0C1AE356DFC01370865E1692E3E290D27A64BE29E
 Get analysis from ViruseTotal...
2024-08-27 17-38:16 = sleeping...
2024-08-27 17-38:32 = Unable to scan the file. error: 'data'
2024-08-27 17-38:32 = F9DB55567B98E59BD46F4CB28235E7D6B6DCD989383973F48523D651C558EF86
 Get analysis from ViruseTotal...
2024-08-27 17-38:33 = sleeping...
2024-08-27 17-38:49 = Unable to scan the file. error: 'data'
2024-08-27 17-38:49 = 
 Get analysis from ViruseTotal...
2024-08-27 17-38:53 = 4 files to check.
2024-08-27 17-38:53 = E5085ECDA7F5FC5B5011E8C64144C7D6EBA1C1D8FE1EF6244637CB11A05F6ED1
 Get analysis from ViruseTotal...
2024-08-27 17-38:54 = sleeping...
2024-08-27 17-39:10 = Unable to scan the file. error: 'data'
2024-08-27 17-39:10 = CEE8E10E758C07C8B7AED3C0C1AE356DFC01370865E1692E3E290D27A64BE29E
 Get analysis from ViruseTotal...
2024-08-27 17-39:11 = sleeping...
2024-08-27 17-39:27 = Unable to scan the file. error: 'data'
2024-08-27 17-39:27 = F9DB55567B98E59BD46F4CB28235E7D6B6DCD989383973F48523D651C558EF86
 Get analysis from ViruseTotal...
2024-08-27 17-39:27 = sleeping...
2024-08-27 17-39:43 = Unable to scan the file. error: 'data'
2024-08-27 17-39:43 = 
 Get analysis from ViruseTotal...
2024-08-27 17-39:43 = sleeping...
2024-08-27 17-39:59 = Unable to scan the file. error: 'data'
2024-08-27 17-40:35 = 4 files to check.
2024-08-27 17-40:35 = E5085ECDA7F5FC5B5011E8C64144C7D6EBA1C1D8FE1EF6244637CB11A05F6ED1
 Get analysis from ViruseTotal...
2024-08-27 17-40:35 = sleeping...
2024-08-27 17-40:51 = Unable to scan the file. error: 'data'
2024-08-27 17-40:51 = CEE8E10E758C07C8B7AED3C0C1AE356DFC01370865E1692E3E290D27A64BE29E
 Get analysis from ViruseTotal...
2024-08-27 17-40:52 = sleeping...
2024-08-27 17-41:08 = Unable to scan the file. error: 'data'
2024-08-27 17-41:08 = F9DB55567B98E59BD46F4CB28235E7D6B6DCD989383973F48523D651C558EF86
 Get analysis from ViruseTotal...
2024-08-27 17-41:08 = sleeping...
2024-08-27 17-41:24 = Unable to scan the file. error: 'data'
2024-08-27 17-41:24 = 
 Get analysis from ViruseTotal...
2024-08-27 17-41:25 = sleeping...
2024-08-27 17-41:42 = 4 files to check.
2024-08-27 17-41:42 = E5085ECDA7F5FC5B5011E8C64144C7D6EBA1C1D8FE1EF6244637CB11A05F6ED1
 Get analysis from ViruseTotal...
2024-08-27 17-41:42 = sleeping...
2024-08-27 17-41:58 = Unable to scan the file. error: 'data'
2024-08-27 17-41:58 = CEE8E10E758C07C8B7AED3C0C1AE356DFC01370865E1692E3E290D27A64BE29E
 Get analysis from ViruseTotal...
2024-08-27 17-41:59 = sleeping...
2024-08-27 17-42:15 = Unable to scan the file. error: 'data'
2024-08-27 17-42:15 = F9DB55567B98E59BD46F4CB28235E7D6B6DCD989383973F48523D651C558EF86
 Get analysis from ViruseTotal...
2024-08-27 17-42:15 = sleeping...
2024-08-27 17-42:31 = Unable to scan the file. error: 'data'
2024-08-27 17-42:31 = 
 Get analysis from ViruseTotal...
2024-08-27 17-42:31 = sleeping...
2024-08-27 17-42:47 = Unable to scan the file. error: 'data'
2024-08-27 17-44:42 = 4 files to check.
2024-08-27 17-44:42 = E5085ECDA7F5FC5B5011E8C64144C7D6EBA1C1D8FE1EF6244637CB11A05F6ED1
 Get analysis from ViruseTotal...
2024-08-27 17-44:43 = sleeping...
2024-08-27 17-44:59 = Unable to scan the file. error: 'data'
2024-08-27 17-44:59 = CEE8E10E758C07C8B7AED3C0C1AE356DFC01370865E1692E3E290D27A64BE29E
 Get analysis from ViruseTotal...
2024-08-27 17-45:00 = sleeping...
2024-08-27 17-45:16 = Unable to scan the file. error: 'data'
2024-08-27 17-45:16 = F9DB55567B98E59BD46F4CB28235E7D6B6DCD989383973F48523D651C558EF86
 Get analysis from ViruseTotal...
2024-08-27 17-45:17 = sleeping...
2024-08-27 17-45:33 = Unable to scan the file. error: 'data'
2024-08-27 17-45:33 = 
 Get analysis from ViruseTotal...
2024-08-27 17-45:34 = sleeping...
2024-08-27 17-45:50 = Unable to scan the file. error: 'data'
2024-08-27 17-50:38 = 4 files to check.
2024-08-27 17-50:38 = E5085ECDA7F5FC5B5011E8C64144C7D6EBA1C1D8FE1EF6244637CB11A05F6ED1
 Get analysis from ViruseTotal...
2024-08-27 17-50:39 = sleeping...
2024-08-28 10-26:33 = 9 files to check.
2024-08-28 10-26:33 = E5085ECDA7F5FC5B5011E8C64144C7D6EBA1C1D8FE1EF6244637CB11A05F6ED1
 Get analysis from ViruseTotal...
2024-08-28 10-26:33 = Unable to scan the file. error: 'NoneType' object has no attribute 'text'
2024-08-28 10-26:33 = CEE8E10E758C07C8B7AED3C0C1AE356DFC01370865E1692E3E290D27A64BE29E
 Get analysis from ViruseTotal...
2024-08-28 10-26:33 = Unable to scan the file. error: 'NoneType' object has no attribute 'text'
2024-08-28 10-26:33 = F9DB55567B98E59BD46F4CB28235E7D6B6DCD989383973F48523D651C558EF86
 Get analysis from ViruseTotal...
2024-08-28 10-26:34 = Unable to scan the file. error: 'NoneType' object has no attribute 'text'
2024-08-28 10-26:34 = F9DB55567B98E59BD46F4CB28235E7D6B6DCD989383973F48523D651C558EF86
 Get analysis from ViruseTotal...
2024-08-28 10-26:34 = Unable to scan the file. error: 'NoneType' object has no attribute 'text'
2024-08-28 10-26:34 = 0036AC8B9E000996ED61E61A338B8170DDDF9A2EC24CA4E98663941F3E1F49A0
 Get analysis from ViruseTotal...
2024-08-28 10-26:35 = Unable to scan the file. error: 'NoneType' object has no attribute 'text'
2024-08-28 10-26:35 = 4C1627044C4C427CF65AE1208BAC6A1F113205047080A8645C4CAD237A40E3A7
 Get analysis from ViruseTotal...
2024-08-28 10-26:36 = Unable to scan the file. error: 'NoneType' object has no attribute 'text'
2024-08-28 10-26:36 = 530FD6582E348F650A6C4C929EE2CE715BEF1A4BB1962A2CB4F9BD85E6402C84
 Get analysis from ViruseTotal...
2024-08-28 10-26:37 = Unable to scan the file. error: 'NoneType' object has no attribute 'text'
2024-08-28 10-26:37 = 4354EBB2EAF99A312A4B3887A6CA4D78BE88902C6CA02228DA3B848F9C684708
 Get analysis from ViruseTotal...
2024-08-28 10-26:38 = Unable to scan the file. error: 'NoneType' object has no attribute 'text'
2024-08-28 10-26:38 = 7C605EE0AB406ED529F4A0A384EC8671CCA167E897D5ABDC1A0D85A8CD8DF223
 Get analysis from ViruseTotal...
2024-08-28 10-26:38 = Unable to scan the file. error: 'NoneType' object has no attribute 'text'
2024-08-28 10-28:52 = 9 files to check.
2024-08-28 10-28:52 = E5085ECDA7F5FC5B5011E8C64144C7D6EBA1C1D8FE1EF6244637CB11A05F6ED1
 Get analysis from ViruseTotal...
2024-08-28 10-28:52 = Unable to scan the file. error: 'str' object has no attribute 'text'
2024-08-28 10-28:52 = CEE8E10E758C07C8B7AED3C0C1AE356DFC01370865E1692E3E290D27A64BE29E
 Get analysis from ViruseTotal...
2024-08-28 10-28:53 = Unable to scan the file. error: 'str' object has no attribute 'text'
2024-08-28 10-28:53 = F9DB55567B98E59BD46F4CB28235E7D6B6DCD989383973F48523D651C558EF86
 Get analysis from ViruseTotal...
2024-08-28 10-28:53 = Unable to scan the file. error: 'str' object has no attribute 'text'
2024-08-28 10-28:53 = F9DB55567B98E59BD46F4CB28235E7D6B6DCD989383973F48523D651C558EF86
 Get analysis from ViruseTotal...
2024-08-28 10-28:54 = Unable to scan the file. error: 'str' object has no attribute 'text'
2024-08-28 10-28:54 = 0036AC8B9E000996ED61E61A338B8170DDDF9A2EC24CA4E98663941F3E1F49A0
 Get analysis from ViruseTotal...
2024-08-28 10-28:54 = Unable to scan the file. error: 'str' object has no attribute 'text'
2024-08-28 10-28:54 = 4C1627044C4C427CF65AE1208BAC6A1F113205047080A8645C4CAD237A40E3A7
 Get analysis from ViruseTotal...
2024-08-28 10-28:55 = Unable to scan the file. error: 'str' object has no attribute 'text'
2024-08-28 10-28:55 = 530FD6582E348F650A6C4C929EE2CE715BEF1A4BB1962A2CB4F9BD85E6402C84
 Get analysis from ViruseTotal...
2024-08-28 10-28:55 = Unable to scan the file. error: 'str' object has no attribute 'text'
2024-08-28 10-28:55 = 4354EBB2EAF99A312A4B3887A6CA4D78BE88902C6CA02228DA3B848F9C684708
 Get analysis from ViruseTotal...
2024-08-28 10-28:55 = Unable to scan the file. error: 'str' object has no attribute 'text'
2024-08-28 10-28:55 = 7C605EE0AB406ED529F4A0A384EC8671CCA167E897D5ABDC1A0D85A8CD8DF223
 Get analysis from ViruseTotal...
2024-08-28 10-28:56 = Unable to scan the file. error: 'str' object has no attribute 'text'
